<?xml version="1.0" encoding="UTF-8"?>
<testsuite xmlns:xsi="http://www.w3.org/2001/XMLSchema-instance" xsi:noNamespaceSchemaLocation="https://maven.apache.org/surefire/maven-surefire-plugin/xsd/surefire-test-report-3.0.xsd" version="3.0" name="io.netty.loom.MultithreadVirtualEventExecutorGroupTest" time="1.195" tests="3" errors="0" skipped="0" failures="0">
  <properties>
[...]
</properties>
  <testcase name="processHttpRequestWithVirtualThreadOnManualNettyEventLoop" classname="io.netty.loom.MultithreadVirtualEventExecutorGroupTest" time="0.18"/>
  <testcase name="busyYieldMakeEveryoneToProgress" classname="io.netty.loom.MultithreadVirtualEventExecutorGroupTest" time="1.005"/>
  <testcase name="virtualEventExecutorGroupCorrectlySetEventExecutor" classname="io.netty.loom.MultithreadVirtualEventExecutorGroupTest" time="0.002"/>
</testsuite>